{"/home/dmitry/hexlet-jest/nodejs-package/index.js": {"path":"/home/dmitry/hexlet-jest/nodejs-package/index.js","statementMap":{},"fnMap":{},"branchMap":{},"s":{},"f":{},"b":{},"_coverageSchema":"1a1c01bbd47fc00a2c39e90264f33305004495a9","hash":"c0db17a183bf45a2e0d8dcae5ac7aa6ac61d2d3a"}
,"/home/dmitry/hexlet-jest/nodejs-package/src/half.js": {"path":"/home/dmitry/hexlet-jest/nodejs-package/src/half.js","statementMap":{"0":{"start":{"line":9,"column":17},"end":{"line":9,"column":24}},"1":{"start":{"line":10,"column":2},"end":{"line":10,"column":11}},"2":{"start":{"line":11,"column":2},"end":{"line":11,"column":16}}},"fnMap":{"0":{"name":"(anonymous_0)","decl":{"start":{"line":8,"column":15},"end":{"line":8,"column":16}},"loc":{"start":{"line":8,"column":24},"end":{"line":12,"column":1}},"line":8}},"branchMap":{},"s":{"0":1,"1":1,"2":1},"f":{"0":1},"b":{},"_coverageSchema":"1a1c01bbd47fc00a2c39e90264f33305004495a9","hash":"eccdcb4317d5706fa5e0452207df14a5c6ba7a15"}
,"/home/dmitry/hexlet-jest/src/index.js": {"path":"/home/dmitry/hexlet-jest/src/index.js","statementMap":{"0":{"start":{"line":1,"column":22},"end":{"line":1,"column":54}}},"fnMap":{"0":{"name":"(anonymous_0)","decl":{"start":{"line":1,"column":15},"end":{"line":1,"column":16}},"loc":{"start":{"line":1,"column":22},"end":{"line":1,"column":54}},"line":1}},"branchMap":{},"s":{"0":2},"f":{"0":2},"b":{},"_coverageSchema":"1a1c01bbd47fc00a2c39e90264f33305004495a9","hash":"0242b49236f2dc669d05d16fbdd0517d1e485d33"}
}
